<?xml version="1.0" encoding="utf-8" standalone="no"?>
<test-run id="2" testcasecount="0" result="Failed" label="Invalid" total="0" passed="0" failed="0" inconclusive="0" skipped="0" asserts="0" engine-version="3.8.0.0" clr-version="4.0.30319.42000" start-time="2018-05-02 01:38:48Z" end-time="2018-05-02 01:38:48Z" duration="0.686928">
  <command-line><![CDATA["C:\NunitApresentacao\NUnit.ConsoleRunner.3.8.0\tools\nunit3-console.exe" .\NunitApresentacao\jobmidia\Unick.dll ]]></command-line>
  <test-suite type="Assembly" id="0-1" name="Unick.dll" fullname="C:\NunitApresentacao\NUnit.ConsoleRunner.3.8.0\tools\NunitApresentacao\jobmidia\Unick.dll" testcasecount="0" runstate="NotRunnable" result="Failed" label="Invalid">
    <properties>
      <property name="_SKIPREASON" value="File not found: C:\NunitApresentacao\NUnit.ConsoleRunner.3.8.0\tools\NunitApresentacao\jobmidia\Unick.dll" />
    </properties>
    <reason>
      <message>File not found: C:\NunitApresentacao\NUnit.ConsoleRunner.3.8.0\tools\NunitApresentacao\jobmidia\Unick.dll</message>
    </reason>
  </test-suite>
</test-run>